
> frontend@0.1.0 build
> next build

   Γû▓ Next.js 16.0.10 (Turbopack)
   - Environments: .env

 ΓÜá The "middleware" file convention is deprecated. Please use "proxy" instead. Learn more: https://nextjs.org/docs/messages/middleware-to-proxy
   Creating an optimized production build ...
 Γ£ô Compiled successfully in 5.2s
   Running TypeScript ...
   Collecting page data using 15 workers ...
   Generating static pages using 15 workers (0/84) ...
   Generating static pages using 15 workers (21/84) 
   Generating static pages using 15 workers (42/84) 
 Γ¿» useSearchParams() should be wrapped in a suspense boundary at page "/farmer/services". Read more: https://nextjs.org/docs/messages/missing-suspense-with-csr-bailout
    at S (C:\Users\asuslap\git\TumAraiD\frontend\.next\server\chunks\ssr\node_modules_next_15323350._.js:2:2111)
    at p (C:\Users\asuslap\git\TumAraiD\frontend\.next\server\chunks\ssr\node_modules_next_15323350._.js:4:4847)
    at x (C:\Users\asuslap\git\TumAraiD\frontend\.next\server\chunks\ssr\_50148e02._.js:1:12326)
    at ar (C:\Users\asuslap\git\TumAraiD\frontend\node_modules\next\dist\compiled\next-server\app-page-turbo.runtime.prod.js:2:84366)
    at aa (C:\Users\asuslap\git\TumAraiD\frontend\node_modules\next\dist\compiled\next-server\app-page-turbo.runtime.prod.js:2:86185)
    at as (C:\Users\asuslap\git\TumAraiD\frontend\node_modules\next\dist\compiled\next-server\app-page-turbo.runtime.prod.js:2:107952)
    at ao (C:\Users\asuslap\git\TumAraiD\frontend\node_modules\next\dist\compiled\next-server\app-page-turbo.runtime.prod.js:2:105374)
    at an (C:\Users\asuslap\git\TumAraiD\frontend\node_modules\next\dist\compiled\next-server\app-page-turbo.runtime.prod.js:2:84718)
    at aa (C:\Users\asuslap\git\TumAraiD\frontend\node_modules\next\dist\compiled\next-server\app-page-turbo.runtime.prod.js:2:86234)
    at aa (C:\Users\asuslap\git\TumAraiD\frontend\node_modules\next\dist\compiled\next-server\app-page-turbo.runtime.prod.js:2:104714)
Error occurred prerendering page "/farmer/services". Read more: https://nextjs.org/docs/messages/prerender-error
Export encountered an error on /(dashboard)/farmer/services/page: /farmer/services, exiting the build.
 Γ¿» Next.js build worker exited with code: 1 and signal: null
